#-----------------------------------------------------------
# Vivado v2017.4 (64-bit)
# SW Build 2086221 on Fri Dec 15 20:55:39 MST 2017
# IP Build 2085800 on Fri Dec 15 22:25:07 MST 2017
# Start of session at: Sat May 15 12:14:19 2021
# Process ID: 8044
# Current directory: E:/Xlinx/save/finalproject
# Command line: vivado.exe -gui_launcher_event rodinguilauncherevent13940 E:\Xlinx\save\finalproject\finalproject.xpr
# Log file: E:/Xlinx/save/finalproject/vivado.log
# Journal file: E:/Xlinx/save/finalproject\vivado.jou
#-----------------------------------------------------------
start_gui
open_project E:/Xlinx/save/finalproject/finalproject.xpr
Scanning sources...
Finished scanning sources
INFO: [IP_Flow 19-234] Refreshing IP repositories
INFO: [IP_Flow 19-1704] No user IP repositories specified
INFO: [IP_Flow 19-2313] Loaded Vivado IP repository 'E:/Xlinx/Vivado/2017.4/data/ip'.
update_compile_order -fileset sources_1
exit
INFO: [Common 17-206] Exiting Vivado at Sat May 15 12:53:47 2021...
