#-----------------------------------------------------------
# Vivado v2017.4 (64-bit)
# SW Build 2086221 on Fri Dec 15 20:55:39 MST 2017
# IP Build 2085800 on Fri Dec 15 22:25:07 MST 2017
# Start of session at: Fri May 21 23:03:30 2021
# Process ID: 26112
# Current directory: E:/Xlinx/save/finalproject
# Command line: vivado.exe -gui_launcher_event rodinguilauncherevent26476 E:\Xlinx\save\finalproject\finalproject.xpr
# Log file: E:/Xlinx/save/finalproject/vivado.log
# Journal file: E:/Xlinx/save/finalproject\vivado.jou
#-----------------------------------------------------------
start_gui
open_project E:/Xlinx/save/finalproject/finalproject.xpr
Scanning sources...
Finished scanning sources
INFO: [IP_Flow 19-234] Refreshing IP repositories
INFO: [IP_Flow 19-1704] No user IP repositories specified
INFO: [IP_Flow 19-2313] Loaded Vivado IP repository 'E:/Xlinx/Vivado/2017.4/data/ip'.
open_project: Time (s): cpu = 00:00:17 ; elapsed = 00:00:07 . Memory (MB): peak = 773.938 ; gain = 62.629
update_compile_order -fileset sources_1
exit
INFO: [Common 17-206] Exiting Vivado at Fri May 21 23:08:08 2021...
