#-----------------------------------------------------------
# Vivado v2017.4 (64-bit)
# SW Build 2086221 on Fri Dec 15 20:55:39 MST 2017
# IP Build 2085800 on Fri Dec 15 22:25:07 MST 2017
# Start of session at: Sun May 23 11:24:59 2021
# Process ID: 11396
# Current directory: E:/Gitrepo/ddproject/finalproject
# Command line: vivado.exe -gui_launcher_event rodinguilauncherevent29252 E:\Gitrepo\ddproject\finalproject\finalproject.xpr
# Log file: E:/Gitrepo/ddproject/finalproject/vivado.log
# Journal file: E:/Gitrepo/ddproject/finalproject\vivado.jou
#-----------------------------------------------------------
start_gui
open_project E:/Gitrepo/ddproject/finalproject/finalproject.xpr
INFO: [Project 1-313] Project file moved from 'E:/Xlinx/save/finalproject' since last save.
Scanning sources...
Finished scanning sources
INFO: [IP_Flow 19-234] Refreshing IP repositories
INFO: [IP_Flow 19-1704] No user IP repositories specified
INFO: [IP_Flow 19-2313] Loaded Vivado IP repository 'E:/Xlinx/Vivado/2017.4/data/ip'.
update_compile_order -fileset sources_1
exit
INFO: [Common 17-206] Exiting Vivado at Sun May 23 11:36:22 2021...
